<?xml version="1.0" encoding="UTF-8" ?>
<testsuites name="vitest tests" tests="6" failures="3" errors="0" time="0.002200922">
    <testsuite name="test/integration/fastmcp-server.test.ts" timestamp="2025-09-06T17:50:00.537Z" hostname="cursor" tests="1" failures="1" errors="0" skipped="0" time="0">
        <testcase classname="test/integration/fastmcp-server.test.ts" name="test/integration/fastmcp-server.test.ts" time="0">
            <failure message="Cannot find package &apos;@test/mocks/easypost&apos; imported from &apos;/workspace/test/integration/fastmcp-server.test.ts&apos;" type="Error">
Error: Cannot find package &apos;@test/mocks/easypost&apos; imported from &apos;/workspace/test/integration/fastmcp-server.test.ts&apos;
 ❯ test/integration/fastmcp-server.test.ts:8:1

⎯⎯⎯⎯⎯⎯⎯⎯⎯⎯⎯⎯⎯⎯⎯⎯⎯⎯⎯⎯⎯⎯⎯⎯⎯⎯⎯⎯⎯⎯⎯⎯⎯⎯⎯⎯⎯⎯⎯⎯⎯⎯⎯⎯⎯⎯⎯⎯⎯⎯⎯⎯⎯⎯⎯⎯⎯⎯⎯⎯⎯⎯⎯⎯⎯⎯⎯⎯⎯⎯⎯⎯⎯⎯⎯⎯⎯⎯⎯⎯
Serialized Error: { code: &apos;ERR_MODULE_NOT_FOUND&apos; }
Caused by: Error: Failed to load url @test/mocks/easypost (resolved id: @test/mocks/easypost) in /workspace/test/unit/services/easypost-client.test.ts. Does the file exist?
 ❯ loadAndTransform node_modules/vite/dist/node/chunks/dep-C6pp_iVS.js:26400:33
            </failure>
        </testcase>
    </testsuite>
    <testsuite name="tests/integration/server.test.ts" timestamp="2025-09-06T17:50:00.541Z" hostname="cursor" tests="3" failures="0" errors="0" skipped="0" time="0.002200922">
        <testcase classname="tests/integration/server.test.ts" name="MCP Server Integration &gt; should initialize server without errors" time="0.000818065">
        </testcase>
        <testcase classname="tests/integration/server.test.ts" name="MCP Server Integration &gt; should handle health check" time="0.000107408">
        </testcase>
        <testcase classname="tests/integration/server.test.ts" name="MCP Server Integration &gt; should validate tool schemas" time="0.000068391">
        </testcase>
    </testsuite>
    <testsuite name="tests/unit/example.test.ts" timestamp="2025-09-06T17:50:00.542Z" hostname="cursor" tests="1" failures="1" errors="0" skipped="0" time="0">
        <testcase classname="tests/unit/example.test.ts" name="tests/unit/example.test.ts" time="0">
            <failure message="Configuration validation failed:
easypost.apiKey: EASYPOST_API_KEY is required
veeqo.apiKey: VEEQO_API_KEY is required" type="Error">
Error: Configuration validation failed:
easypost.apiKey: EASYPOST_API_KEY is required
veeqo.apiKey: VEEQO_API_KEY is required
 ❯ createConfig src/config/index.ts:142:13
 ❯ src/config/index.ts:149:23
 ❯ src/services/clients/easypost-enhanced.ts:8:1
            </failure>
        </testcase>
    </testsuite>
    <testsuite name="test/unit/services/easypost-client.test.ts" timestamp="2025-09-06T17:50:00.543Z" hostname="cursor" tests="1" failures="1" errors="0" skipped="0" time="0">
        <testcase classname="test/unit/services/easypost-client.test.ts" name="test/unit/services/easypost-client.test.ts" time="0">
            <failure message="Cannot find package &apos;@/services/clients/easypost-enhanced&apos; imported from &apos;/workspace/test/unit/services/easypost-client.test.ts&apos;" type="Error">
Error: Cannot find package &apos;@/services/clients/easypost-enhanced&apos; imported from &apos;/workspace/test/unit/services/easypost-client.test.ts&apos;
 ❯ test/unit/services/easypost-client.test.ts:6:1

⎯⎯⎯⎯⎯⎯⎯⎯⎯⎯⎯⎯⎯⎯⎯⎯⎯⎯⎯⎯⎯⎯⎯⎯⎯⎯⎯⎯⎯⎯⎯⎯⎯⎯⎯⎯⎯⎯⎯⎯⎯⎯⎯⎯⎯⎯⎯⎯⎯⎯⎯⎯⎯⎯⎯⎯⎯⎯⎯⎯⎯⎯⎯⎯⎯⎯⎯⎯⎯⎯⎯⎯⎯⎯⎯⎯⎯⎯⎯⎯
Serialized Error: { code: &apos;ERR_MODULE_NOT_FOUND&apos; }
Caused by: Error: Failed to load url @/services/clients/easypost-enhanced (resolved id: @/services/clients/easypost-enhanced) in /workspace/test/unit/services/easypost-client.test.ts. Does the file exist?
 ❯ loadAndTransform node_modules/vite/dist/node/chunks/dep-C6pp_iVS.js:26400:33
            </failure>
        </testcase>
    </testsuite>
</testsuites>
